<?xml version="1.0" encoding="UTF-8"?>
<testsuite xmlns:xsi="http://www.w3.org/2001/XMLSchema-instance" xsi:noNamespaceSchemaLocation="https://maven.apache.org/surefire/maven-surefire-plugin/xsd/surefire-test-report.xsd" version="3.0.2" name="com.carsharing.service.RideServiceTest" time="0.193" tests="14" errors="0" skipped="0" failures="0">
  <properties>
[...]
</properties>
  <testcase name="testCancelOwnRide" classname="com.carsharing.service.RideServiceTest" time="0.062"/>
  <testcase name="testSeatsExceedVehicleCapacity" classname="com.carsharing.service.RideServiceTest" time="0.002"/>
  <testcase name="testVehicleOwnershipValidation" classname="com.carsharing.service.RideServiceTest" time="0.003"/>
  <testcase name="testSearchRides" classname="com.carsharing.service.RideServiceTest" time="0.005"/>
  <testcase name="testPreventUnauthorizedCancellation" classname="com.carsharing.service.RideServiceTest" time="0.002"/>
  <testcase name="testPreventEditingAnotherUsersRide" classname="com.carsharing.service.RideServiceTest" time="0.002"/>
  <testcase name="testBookingCancellationRestoresSeats" classname="com.carsharing.service.RideServiceTest" time="0.031"/>
  <testcase name="testBookingMoreSeatsThanAvailable" classname="com.carsharing.service.RideServiceTest" time="0.0"/>
  <testcase name="testEditOwnRide" classname="com.carsharing.service.RideServiceTest" time="0.0"/>
  <testcase name="testPreventDriverFromBookingOwnRide" classname="com.carsharing.service.RideServiceTest" time="0.013"/>
  <testcase name="testBookingStatusChangesToFullWhenZero" classname="com.carsharing.service.RideServiceTest" time="0.002"/>
  <testcase name="testInvalidSourceDestinationIdentical" classname="com.carsharing.service.RideServiceTest" time="0.003"/>
  <testcase name="testValidSeatBooking" classname="com.carsharing.service.RideServiceTest" time="0.0"/>
  <testcase name="testCreateValidRide" classname="com.carsharing.service.RideServiceTest" time="0.006"/>
</testsuite>